The system is: Windows - 10.0.19042 - AMD64
Compiling the C compiler identification source file "CMakeCCompilerId.c" succeeded.
Compiler: C:/Program Files (x86)/Microsoft Visual Studio/2019/Enterprise/VC/Tools/MSVC/14.28.29333/bin/Hostx86/x86/cl.exe 
Build flags: 
Id flags:  

The output was:
0
Microsoft (R) C/C++ Optimizing Compiler Version 19.28.29335 for x86
Copyright (C) Microsoft Corporation.  All rights reserved.

CMakeCCompilerId.c
Microsoft (R) Incremental Linker Version 14.28.29335.0
Copyright (C) Microsoft Corporation.  All rights reserved.

/out:CMakeCCompilerId.exe 
CMakeCCompilerId.obj 


Compilation of the C compiler identification source "CMakeCCompilerId.c" produced "CMakeCCompilerId.exe"

Compilation of the C compiler identification source "CMakeCCompilerId.c" produced "CMakeCCompilerId.obj"

The C compiler identification is MSVC, found in "D:/Development/FileStorageServer/cmake-build-debug/CMakeFiles/3.17.5/CompilerIdC/CMakeCCompilerId.exe"

Determining if the C compiler works passed with the following output:
Change Dir: D:/Development/FileStorageServer/cmake-build-debug/CMakeFiles/CMakeTmp

Run Build Command(s):nmake /nologo cmTC_b38ab\fast && 	"C:\Program Files (x86)\Microsoft Visual Studio\2019\Enterprise\VC\Tools\MSVC\14.28.29333\bin\HostX86\x86\nmake.exe"  -f CMakeFiles\cmTC_b38ab.dir\build.make /nologo -L                  CMakeFiles\cmTC_b38ab.dir\build
Building C object CMakeFiles/cmTC_b38ab.dir/testCCompiler.c.obj
	C:\PROGRA~2\MICROS~2\2019\ENTERP~1\VC\Tools\MSVC\1428~1.293\bin\Hostx86\x86\cl.exe @C:\Users\Eyal\AppData\Local\Temp\nm7B32.tmp
testCCompiler.c
Linking C executable cmTC_b38ab.exe
	C:\Users\Eyal\AppData\Local\JetBrains\Toolbox\apps\CLion\ch-0\203.7148.70\bin\cmake\win\bin\cmake.exe -E vs_link_exe --intdir=CMakeFiles\cmTC_b38ab.dir --rc=C:\PROGRA~2\WI3CF2~1\10\bin\100183~1.0\x86\rc.exe --mt=C:\PROGRA~2\WI3CF2~1\10\bin\100183~1.0\x86\mt.exe --manifests  -- C:\PROGRA~2\MICROS~2\2019\ENTERP~1\VC\Tools\MSVC\1428~1.293\bin\Hostx86\x86\link.exe /nologo @CMakeFiles\cmTC_b38ab.dir\objects1.rsp @C:\Users\Eyal\AppData\Local\Temp\nm7C9A.tmp



Detecting C compiler ABI info compiled with the following output:
Change Dir: D:/Development/FileStorageServer/cmake-build-debug/CMakeFiles/CMakeTmp

Run Build Command(s):nmake /nologo cmTC_e0e9c\fast && 	"C:\Program Files (x86)\Microsoft Visual Studio\2019\Enterprise\VC\Tools\MSVC\14.28.29333\bin\HostX86\x86\nmake.exe"  -f CMakeFiles\cmTC_e0e9c.dir\build.make /nologo -L                  CMakeFiles\cmTC_e0e9c.dir\build
Building C object CMakeFiles/cmTC_e0e9c.dir/CMakeCCompilerABI.c.obj
	C:\PROGRA~2\MICROS~2\2019\ENTERP~1\VC\Tools\MSVC\1428~1.293\bin\Hostx86\x86\cl.exe @C:\Users\Eyal\AppData\Local\Temp\nm7FC6.tmp
CMakeCCompilerABI.c
Linking C executable cmTC_e0e9c.exe
	C:\Users\Eyal\AppData\Local\JetBrains\Toolbox\apps\CLion\ch-0\203.7148.70\bin\cmake\win\bin\cmake.exe -E vs_link_exe --intdir=CMakeFiles\cmTC_e0e9c.dir --rc=C:\PROGRA~2\WI3CF2~1\10\bin\100183~1.0\x86\rc.exe --mt=C:\PROGRA~2\WI3CF2~1\10\bin\100183~1.0\x86\mt.exe --manifests  -- C:\PROGRA~2\MICROS~2\2019\ENTERP~1\VC\Tools\MSVC\1428~1.293\bin\Hostx86\x86\link.exe /nologo @CMakeFiles\cmTC_e0e9c.dir\objects1.rsp @C:\Users\Eyal\AppData\Local\Temp\nm8025.tmp



